Output file /fefs/aswg/workspace/juan.jimenez/cosmic_ray_data_correction/bash_dl2_production/../../data/cosmic_ray_data_correction/crab/dl1b/06172/dl1_LST-1.Run06172.0141_s1.0000.h5 already exists
Pedestal cleaning
Fraction of pixel cleaning thresholds above picture thr.:0.023
Tailcut clean with pedestal threshold config used:{'picture_thresh': 8, 'boundary_thresh': 4, 'sigma': 2.5, 'keep_isolated_pixels': False, 'min_number_picture_neighbors': 2, 'use_only_main_island': False, 'delta_time': 2}
Using dynamic cleaning for events with average size of the 3 most brighest pixels > 267 p.e
Remove from image pixels which have charge below = 0.03 * average size
Pedestal cleaning
Fraction of pixel cleaning thresholds above picture thr.:0.023
Tailcut clean with pedestal threshold config used:{'picture_thresh': 8, 'boundary_thresh': 4, 'sigma': 2.5, 'keep_isolated_pixels': False, 'min_number_picture_neighbors': 2, 'use_only_main_island': False, 'delta_time': 2}
Using dynamic cleaning for events with average size of the 3 most brighest pixels > 267 p.e
Remove from image pixels which have charge below = 0.03 * average size
Pedestal cleaning
Fraction of pixel cleaning thresholds above picture thr.:0.023
Tailcut clean with pedestal threshold config used:{'picture_thresh': 8, 'boundary_thresh': 4, 'sigma': 2.5, 'keep_isolated_pixels': False, 'min_number_picture_neighbors': 2, 'use_only_main_island': False, 'delta_time': 2}
Using dynamic cleaning for events with average size of the 3 most brighest pixels > 267 p.e
Remove from image pixels which have charge below = 0.03 * average size
Pedestal cleaning
Fraction of pixel cleaning thresholds above picture thr.:0.023
Tailcut clean with pedestal threshold config used:{'picture_thresh': 8, 'boundary_thresh': 4, 'sigma': 2.5, 'keep_isolated_pixels': False, 'min_number_picture_neighbors': 2, 'use_only_main_island': False, 'delta_time': 2}
Using dynamic cleaning for events with average size of the 3 most brighest pixels > 267 p.e
Remove from image pixels which have charge below = 0.03 * average size
Pedestal cleaning
Fraction of pixel cleaning thresholds above picture thr.:0.023
Tailcut clean with pedestal threshold config used:{'picture_thresh': 8, 'boundary_thresh': 4, 'sigma': 2.5, 'keep_isolated_pixels': False, 'min_number_picture_neighbors': 2, 'use_only_main_island': False, 'delta_time': 2}
Using dynamic cleaning for events with average size of the 3 most brighest pixels > 267 p.e
Remove from image pixels which have charge below = 0.03 * average size
