/fefs/aswg/software/conda/envs/gammapy-v1.0/lib/python3.9/site-packages/astropy/units/quantity.py:620: RuntimeWarning: overflow encountered in power
  result = super().__array_ufunc__(function, method, *arrays, **kwargs)
/fefs/aswg/software/conda/envs/gammapy-v1.0/lib/python3.9/site-packages/astropy/units/quantity.py:620: RuntimeWarning: invalid value encountered in divide
  result = super().__array_ufunc__(function, method, *arrays, **kwargs)
/fefs/aswg/software/conda/envs/gammapy-v1.0/lib/python3.9/site-packages/astropy/units/quantity.py:620: RuntimeWarning: overflow encountered in multiply
  result = super().__array_ufunc__(function, method, *arrays, **kwargs)
/fefs/aswg/software/conda/envs/gammapy-v1.0/lib/python3.9/site-packages/astropy/units/quantity.py:620: RuntimeWarning: overflow encountered in power
  result = super().__array_ufunc__(function, method, *arrays, **kwargs)
/fefs/aswg/software/conda/envs/gammapy-v1.0/lib/python3.9/site-packages/astropy/units/quantity.py:620: RuntimeWarning: invalid value encountered in divide
  result = super().__array_ufunc__(function, method, *arrays, **kwargs)
/fefs/aswg/software/conda/envs/gammapy-v1.0/lib/python3.9/site-packages/astropy/units/quantity.py:620: RuntimeWarning: overflow encountered in multiply
  result = super().__array_ufunc__(function, method, *arrays, **kwargs)
/fefs/aswg/software/conda/envs/gammapy-v1.0/lib/python3.9/site-packages/gammapy/stats/fit_statistics.py:209: RuntimeWarning: overflow encountered in square
  D = np.sqrt(C**2 + 4 * alpha * (alpha + 1) * n_off * mu_sig)
/fefs/aswg/software/conda/envs/gammapy-v1.0/lib/python3.9/site-packages/gammapy/stats/fit_statistics.py:189: RuntimeWarning: invalid value encountered in add
  stat = 2 * (term1 + term2 + term3)
/fefs/aswg/software/conda/envs/gammapy-v1.0/lib/python3.9/site-packages/numpy/core/fromnumeric.py:86: RuntimeWarning: overflow encountered in reduce
  return ufunc.reduce(obj, axis, dtype, out, **passkwargs)
/fefs/aswg/software/conda/envs/gammapy-v1.0/lib/python3.9/site-packages/numpy/core/fromnumeric.py:86: RuntimeWarning: overflow encountered in reduce
  return ufunc.reduce(obj, axis, dtype, out, **passkwargs)
Spectral fit will be done in energy edges:
 [ 0.42475716  0.65523624  1.01077647  1.55923772  2.4053016   3.71045142
  5.72379352  8.82960281 13.62066705 21.0114288  32.41251981 50.        ] TeV

LC will be estimated from 0.4 TeV to 50.0 TeV
Stacking datasets

The model used:
 {'name': 'crab', 'type': 'SkyModel', 'spectral': {'type': 'LogParabolaSpectralModel', 'parameters': [{'name': 'amplitude', 'value': 1e-12, 'unit': 'cm-2 s-1 TeV-1'}, {'name': 'reference', 'value': 1.0, 'unit': 'TeV'}, {'name': 'alpha', 'value': 2.0}, {'name': 'beta', 'value': 0.1}]}}


Extracting flux points

Running the LC estimator over all runs

Extracting variables

Creating dict
Writing object to disk
Finished -->  objects/dicts_sed_and_lc/dict_0.425_50.pkl
