/fefs/aswg/software/conda/envs/gammapy-v1.0/lib/python3.9/site-packages/numpy/core/fromnumeric.py:86: RuntimeWarning: overflow encountered in reduce
  return ufunc.reduce(obj, axis, dtype, out, **passkwargs)
/fefs/aswg/software/conda/envs/gammapy-v1.0/lib/python3.9/site-packages/numpy/core/fromnumeric.py:86: RuntimeWarning: overflow encountered in reduce
  return ufunc.reduce(obj, axis, dtype, out, **passkwargs)
/fefs/aswg/software/conda/envs/gammapy-v1.0/lib/python3.9/site-packages/numpy/core/fromnumeric.py:86: RuntimeWarning: overflow encountered in reduce
  return ufunc.reduce(obj, axis, dtype, out, **passkwargs)
Spectral fit will be done in energy edges:
 [1.93389175e-02 2.99238588e-02 4.63023499e-02 7.16454258e-02
 1.10859752e-01 1.71537604e-01 2.65426803e-01 4.10705209e-01
 6.35500135e-01 9.83334061e-01 1.52155102e+00 2.35435503e+00
 3.64298506e+00 5.63693239e+00 8.72224460e+00 1.34962681e+01
 2.08833003e+01 3.23135423e+01 5.00000000e+01] TeV

LC will be estimated from 0.0 TeV to 50.0 TeV
Stacking datasets

The model used:
 {'name': 'crab', 'type': 'SkyModel', 'spectral': {'type': 'LogParabolaSpectralModel', 'parameters': [{'name': 'amplitude', 'value': 1e-12, 'unit': 'cm-2 s-1 TeV-1'}, {'name': 'reference', 'value': 1.0, 'unit': 'TeV'}, {'name': 'alpha', 'value': 2.0}, {'name': 'beta', 'value': 0.1}]}}


Extracting flux points

Running the LC estimator over all runs

Extracting variables

Creating dict
Writing object to disk
Finished -->  objects/dicts_sed_and_lc/dict_0.019_50.pkl
